2026-06-09 09:02:51,619 [INFO] (MainThread) Fichier config.json par défaut généré.
2026-06-09 09:02:56,102 [INFO] (MainThread) Initialisation globale des couches réseau MQTT et processus Modbus...
2026-06-09 09:02:56,107 [INFO] (Worker-DATAKOM-01) Démarrage de la scrutation Modbus pour DATAKOM-01
2026-06-09 09:02:56,108 [INFO] (Worker-DATAKOM-02) Démarrage de la scrutation Modbus pour DATAKOM-02
2026-06-09 09:02:57,388 [INFO] (paho-mqtt-client-Datakom_Edge_Gateway_01) Connecté au Broker MQTT industriel avec succès.
2026-06-09 09:02:58,121 [ERROR] (Worker-DATAKOM-02) Connection to (127.0.0.1, 503) failed: timed out
2026-06-09 09:02:58,121 [ERROR] (Worker-DATAKOM-01) Connection to (127.0.0.1, 502) failed: timed out
2026-06-09 09:02:58,121 [WARNING] (Worker-DATAKOM-02) Impossible de se connecter à l'unité Modbus DATAKOM-02 à l'adresse 127.0.0.1
2026-06-09 09:02:58,122 [WARNING] (Worker-DATAKOM-01) Impossible de se connecter à l'unité Modbus DATAKOM-01 à l'adresse 127.0.0.1
2026-06-09 09:03:05,128 [ERROR] (Worker-DATAKOM-02) Connection to (127.0.0.1, 503) failed: timed out
2026-06-09 09:03:05,129 [WARNING] (Worker-DATAKOM-02) Impossible de se connecter à l'unité Modbus DATAKOM-02 à l'adresse 127.0.0.1
2026-06-09 09:03:05,143 [ERROR] (Worker-DATAKOM-01) Connection to (127.0.0.1, 502) failed: timed out
2026-06-09 09:03:05,144 [WARNING] (Worker-DATAKOM-01) Impossible de se connecter à l'unité Modbus DATAKOM-01 à l'adresse 127.0.0.1
2026-06-09 09:03:10,645 [INFO] (Worker-DATAKOM-02) Connexion Modbus établie avec succès avec DATAKOM-02
2026-06-09 09:03:12,152 [ERROR] (Worker-DATAKOM-01) Connection to (127.0.0.1, 502) failed: timed out
2026-06-09 09:03:12,152 [WARNING] (Worker-DATAKOM-01) Impossible de se connecter à l'unité Modbus DATAKOM-01 à l'adresse 127.0.0.1
2026-06-09 09:03:18,165 [INFO] (Worker-DATAKOM-01) Connexion Modbus établie avec succès avec DATAKOM-01
2026-06-09 09:03:23,174 [INFO] (MainThread) Signal d'arrêt général distribué aux processus d'arrière-plan...
2026-06-09 09:03:23,732 [WARNING] (MQTT-Manager) Déconnexion du broker MQTT détectée (code: Normal disconnection). Passage en mode local Store-and-Forward.
2026-06-09 09:03:24,029 [INFO] (MainThread) Initialisation globale des couches réseau MQTT et processus Modbus...
2026-06-09 09:03:24,031 [INFO] (Worker-DATAKOM-01) Démarrage de la scrutation Modbus pour DATAKOM-01
2026-06-09 09:03:24,032 [INFO] (Worker-DATAKOM-02) Démarrage de la scrutation Modbus pour DATAKOM-02
2026-06-09 09:03:24,033 [INFO] (Worker-DATAKOM-01) Connexion Modbus établie avec succès avec DATAKOM-01
2026-06-09 09:03:24,034 [INFO] (Worker-DATAKOM-02) Connexion Modbus établie avec succès avec DATAKOM-02
2026-06-09 09:03:24,184 [INFO] (paho-mqtt-client-Datakom_Edge_Gateway_01) Connecté au Broker MQTT industriel avec succès.
2026-06-09 09:03:24,187 [INFO] (BufferFlusher) Rétablissement de la liaison réseau MQTT : publication de 2 messages mémorisés localement.
2026-06-09 09:03:24,190 [INFO] (Worker-DATAKOM-01) Arrêt de la scrutation Modbus pour DATAKOM-01
2026-06-09 09:03:24,680 [INFO] (Worker-DATAKOM-02) Arrêt de la scrutation Modbus pour DATAKOM-02
2026-06-09 09:03:37,314 [INFO] (MainThread) Signal d'arrêt général distribué aux processus d'arrière-plan...
2026-06-09 09:06:28,384 [INFO] (MainThread) Initialisation globale des couches réseau MQTT et processus Modbus...
2026-06-09 09:06:28,387 [INFO] (Worker-DATAKOM-01) Démarrage de la scrutation Modbus pour DATAKOM-01
2026-06-09 09:06:28,387 [INFO] (Worker-DATAKOM-02) Démarrage de la scrutation Modbus pour DATAKOM-02
2026-06-09 09:06:28,396 [INFO] (Worker-DATAKOM-01) Connexion Modbus établie avec succès avec DATAKOM-01
2026-06-09 09:06:28,396 [INFO] (Worker-DATAKOM-02) Connexion Modbus établie avec succès avec DATAKOM-02
2026-06-09 09:06:28,639 [INFO] (paho-mqtt-client-Datakom_Edge_Gateway_01) Connecté au Broker MQTT industriel avec succès.
2026-06-09 09:06:28,640 [INFO] (BufferFlusher) Rétablissement de la liaison réseau MQTT : publication de 2 messages mémorisés localement.
2026-06-09 09:06:42,642 [INFO] (MainThread) Signal d'arrêt général distribué aux processus d'arrière-plan...
2026-06-09 09:06:43,521 [WARNING] (MQTT-Manager) Déconnexion du broker MQTT détectée (code: Normal disconnection). Passage en mode local Store-and-Forward.
2026-06-09 09:06:44,158 [INFO] (MainThread) Signal d'arrêt général distribué aux processus d'arrière-plan...
2026-06-09 09:11:17,943 [INFO] (MainThread) Initialisation globale des couches réseau MQTT et processus Modbus...
2026-06-09 09:11:17,949 [INFO] (Worker-DATAKOM-01) Démarrage de la scrutation Modbus pour DATAKOM-01
2026-06-09 09:11:17,950 [INFO] (Worker-DATAKOM-02) Démarrage de la scrutation Modbus pour DATAKOM-02
2026-06-09 09:11:18,136 [INFO] (paho-mqtt-client-Datakom_Edge_Gateway_01) Connecté au Broker MQTT industriel avec succès.
2026-06-09 09:11:19,960 [ERROR] (Worker-DATAKOM-02) Connection to (127.0.0.1, 503) failed: timed out
2026-06-09 09:11:19,960 [ERROR] (Worker-DATAKOM-01) Connection to (127.0.0.1, 502) failed: timed out
2026-06-09 09:11:19,961 [WARNING] (Worker-DATAKOM-02) Impossible de se connecter à l'unité Modbus DATAKOM-02 à l'adresse 127.0.0.1
2026-06-09 09:11:19,961 [WARNING] (Worker-DATAKOM-01) Impossible de se connecter à l'unité Modbus DATAKOM-01 à l'adresse 127.0.0.1
2026-06-09 09:11:26,968 [ERROR] (Worker-DATAKOM-02) Connection to (127.0.0.1, 503) failed: timed out
2026-06-09 09:11:26,968 [ERROR] (Worker-DATAKOM-01) Connection to (127.0.0.1, 502) failed: timed out
2026-06-09 09:11:26,969 [WARNING] (Worker-DATAKOM-02) Impossible de se connecter à l'unité Modbus DATAKOM-02 à l'adresse 127.0.0.1
2026-06-09 09:11:26,969 [WARNING] (Worker-DATAKOM-01) Impossible de se connecter à l'unité Modbus DATAKOM-01 à l'adresse 127.0.0.1
2026-06-09 09:11:31,975 [INFO] (Worker-DATAKOM-02) Connexion Modbus établie avec succès avec DATAKOM-02
2026-06-09 09:11:33,982 [ERROR] (Worker-DATAKOM-01) Connection to (127.0.0.1, 502) failed: timed out
2026-06-09 09:11:33,983 [WARNING] (Worker-DATAKOM-01) Impossible de se connecter à l'unité Modbus DATAKOM-01 à l'adresse 127.0.0.1
2026-06-09 09:11:38,999 [INFO] (Worker-DATAKOM-01) Connexion Modbus établie avec succès avec DATAKOM-01
2026-06-09 09:11:49,394 [INFO] (MainThread) Signal d'arrêt général distribué aux processus d'arrière-plan...
2026-06-09 09:11:50,037 [INFO] (Worker-DATAKOM-02) Arrêt de la scrutation Modbus pour DATAKOM-02
2026-06-09 09:11:50,099 [WARNING] (MQTT-Manager) Déconnexion du broker MQTT détectée (code: Normal disconnection). Passage en mode local Store-and-Forward.
2026-06-09 09:11:50,589 [INFO] (MainThread) Initialisation globale des couches réseau MQTT et processus Modbus...
2026-06-09 09:11:50,594 [INFO] (Worker-DATAKOM-01) Démarrage de la scrutation Modbus pour DATAKOM-01
2026-06-09 09:11:50,594 [INFO] (Worker-DATAKOM-02) Démarrage de la scrutation Modbus pour DATAKOM-02
2026-06-09 09:11:50,597 [INFO] (Worker-DATAKOM-01) Connexion Modbus établie avec succès avec DATAKOM-01
2026-06-09 09:11:50,600 [INFO] (Worker-DATAKOM-02) Connexion Modbus établie avec succès avec DATAKOM-02
2026-06-09 09:11:50,673 [INFO] (paho-mqtt-client-Datakom_Edge_Gateway_01) Connecté au Broker MQTT industriel avec succès.
2026-06-09 09:11:50,714 [INFO] (BufferFlusher) Rétablissement de la liaison réseau MQTT : publication de 1 messages mémorisés localement.
2026-06-09 09:11:51,032 [INFO] (Worker-DATAKOM-01) Arrêt de la scrutation Modbus pour DATAKOM-01
2026-06-09 09:11:51,819 [INFO] (MainThread) Signal d'arrêt général distribué aux processus d'arrière-plan...
2026-06-09 09:11:52,606 [INFO] (Worker-DATAKOM-01) Arrêt de la scrutation Modbus pour DATAKOM-01
2026-06-09 09:11:52,712 [INFO] (Worker-DATAKOM-02) Arrêt de la scrutation Modbus pour DATAKOM-02
2026-06-09 09:11:52,728 [INFO] (MainThread) Initialisation globale des couches réseau MQTT et processus Modbus...
2026-06-09 09:11:52,733 [INFO] (Worker-DATAKOM-01) Démarrage de la scrutation Modbus pour DATAKOM-01
2026-06-09 09:11:52,734 [INFO] (Worker-DATAKOM-02) Démarrage de la scrutation Modbus pour DATAKOM-02
2026-06-09 09:11:52,736 [INFO] (Worker-DATAKOM-01) Connexion Modbus établie avec succès avec DATAKOM-01
2026-06-09 09:11:52,744 [INFO] (Worker-DATAKOM-02) Connexion Modbus établie avec succès avec DATAKOM-02
2026-06-09 09:11:52,820 [WARNING] (paho-mqtt-client-Datakom_Edge_Gateway_01) Déconnexion du broker MQTT détectée (code: Unspecified error). Passage en mode local Store-and-Forward.
2026-06-09 09:11:52,823 [INFO] (paho-mqtt-client-Datakom_Edge_Gateway_01) Connecté au Broker MQTT industriel avec succès.
2026-06-09 09:11:52,841 [INFO] (BufferFlusher) Rétablissement de la liaison réseau MQTT : publication de 2 messages mémorisés localement.
2026-06-09 09:11:53,710 [INFO] (MainThread) Signal d'arrêt général distribué aux processus d'arrière-plan...
2026-06-09 09:11:53,942 [WARNING] (MQTT-Manager) Déconnexion du broker MQTT détectée (code: Normal disconnection). Passage en mode local Store-and-Forward.
2026-06-09 09:11:54,751 [INFO] (Worker-DATAKOM-01) Arrêt de la scrutation Modbus pour DATAKOM-01
2026-06-09 09:11:54,755 [INFO] (Worker-DATAKOM-02) Arrêt de la scrutation Modbus pour DATAKOM-02
2026-06-09 09:11:56,063 [INFO] (MainThread) Signal d'arrêt général distribué aux processus d'arrière-plan...
2026-06-09 09:17:34,953 [INFO] (MainThread) Démarrage ciblé demandé pour l'appareil : DATAKOM-01
2026-06-09 09:17:34,955 [INFO] (MainThread) Initialisation globale des couches réseau MQTT et processus Modbus...
2026-06-09 09:17:34,957 [INFO] (Worker-DATAKOM-01) Démarrage de la scrutation Modbus pour DATAKOM-01
2026-06-09 09:17:34,957 [INFO] (Worker-DATAKOM-02) Démarrage de la scrutation Modbus pour DATAKOM-02
2026-06-09 09:17:34,962 [INFO] (Worker-DATAKOM-01) Connexion Modbus établie avec succès avec DATAKOM-01
2026-06-09 09:17:35,079 [INFO] (paho-mqtt-client-Datakom_Edge_Gateway_01) Connecté au Broker MQTT industriel avec succès.
2026-06-09 09:17:35,081 [INFO] (BufferFlusher) Rétablissement de la liaison réseau MQTT : publication de 1 messages mémorisés localement.
2026-06-09 09:17:36,198 [INFO] (MainThread) Arrêt ciblé demandé pour l'appareil : DATAKOM-02
2026-06-09 09:17:36,970 [ERROR] (Worker-DATAKOM-02) Connection to (127.0.0.1, 503) failed: timed out
2026-06-09 09:17:36,971 [WARNING] (Worker-DATAKOM-02) Impossible de se connecter à l'unité Modbus DATAKOM-02 à l'adresse 127.0.0.1:503
2026-06-09 09:17:36,971 [INFO] (Worker-DATAKOM-02) Arrêt de la scrutation Modbus pour DATAKOM-02
2026-06-09 09:17:38,041 [INFO] (MainThread) Arrêt ciblé demandé pour l'appareil : DATAKOM-01
2026-06-09 09:17:38,974 [INFO] (Worker-DATAKOM-01) Arrêt de la scrutation Modbus pour DATAKOM-01
2026-06-09 09:17:49,208 [INFO] (MainThread) Démarrage ciblé demandé pour l'appareil : DATAKOM-02
2026-06-09 09:17:49,209 [INFO] (Worker-DATAKOM-02) Démarrage de la scrutation Modbus pour DATAKOM-02
2026-06-09 09:17:49,224 [INFO] (Worker-DATAKOM-02) Connexion Modbus établie avec succès avec DATAKOM-02
2026-06-09 09:17:50,196 [INFO] (MainThread) Démarrage ciblé demandé pour l'appareil : DATAKOM-01
2026-06-09 09:17:50,196 [INFO] (Worker-DATAKOM-01) Démarrage de la scrutation Modbus pour DATAKOM-01
2026-06-09 09:17:50,219 [INFO] (Worker-DATAKOM-01) Connexion Modbus établie avec succès avec DATAKOM-01
2026-06-09 09:17:52,165 [INFO] (MainThread) Arrêt ciblé demandé pour l'appareil : DATAKOM-02
2026-06-09 09:17:53,231 [INFO] (Worker-DATAKOM-02) Arrêt de la scrutation Modbus pour DATAKOM-02
2026-06-09 09:17:56,248 [INFO] (MainThread) Démarrage ciblé demandé pour l'appareil : DATAKOM-02
2026-06-09 09:17:56,248 [INFO] (Worker-DATAKOM-02) Démarrage de la scrutation Modbus pour DATAKOM-02
2026-06-09 09:17:56,268 [INFO] (Worker-DATAKOM-02) Connexion Modbus établie avec succès avec DATAKOM-02
2026-06-09 09:17:57,880 [INFO] (MainThread) Signal d'arrêt général distribué aux processus d'arrière-plan...
2026-06-09 09:17:58,235 [INFO] (Worker-DATAKOM-01) Arrêt de la scrutation Modbus pour DATAKOM-01
2026-06-09 09:17:58,274 [INFO] (Worker-DATAKOM-02) Arrêt de la scrutation Modbus pour DATAKOM-02
2026-06-09 09:17:58,337 [WARNING] (MQTT-Manager) Déconnexion du broker MQTT détectée (code: Normal disconnection). Passage en mode local Store-and-Forward.
2026-06-09 09:17:58,931 [INFO] (MainThread) Initialisation globale des couches réseau MQTT et processus Modbus...
2026-06-09 09:17:58,933 [INFO] (Worker-DATAKOM-01) Démarrage de la scrutation Modbus pour DATAKOM-01
2026-06-09 09:17:58,933 [INFO] (Worker-DATAKOM-02) Démarrage de la scrutation Modbus pour DATAKOM-02
2026-06-09 09:17:58,934 [INFO] (Worker-DATAKOM-01) Connexion Modbus établie avec succès avec DATAKOM-01
2026-06-09 09:17:58,939 [INFO] (Worker-DATAKOM-02) Connexion Modbus établie avec succès avec DATAKOM-02
2026-06-09 09:18:01,274 [INFO] (paho-mqtt-client-Datakom_Edge_Gateway_01) Connecté au Broker MQTT industriel avec succès.
2026-06-09 09:18:01,276 [INFO] (BufferFlusher) Rétablissement de la liaison réseau MQTT : publication de 4 messages mémorisés localement.
2026-06-09 09:21:13,024 [INFO] (MainThread) Arrêt ciblé demandé pour l'appareil : DATAKOM-02
2026-06-09 09:21:13,245 [INFO] (Worker-DATAKOM-02) Arrêt de la scrutation Modbus pour DATAKOM-02
2026-06-09 09:21:13,578 [INFO] (MainThread) Arrêt ciblé demandé pour l'appareil : DATAKOM-01
2026-06-09 09:21:15,248 [INFO] (Worker-DATAKOM-01) Arrêt de la scrutation Modbus pour DATAKOM-01
2026-06-09 09:26:29,025 [INFO] (MainThread) Signal d'arrêt général distribué aux processus d'arrière-plan...
2026-06-09 09:26:29,485 [WARNING] (MQTT-Manager) Déconnexion du broker MQTT détectée (code: Normal disconnection). Passage en mode local Store-and-Forward.
2026-06-15 12:07:41,599 [INFO] (MainThread) Signal d'arrêt général distribué aux processus d'arrière-plan...
2026-06-15 12:19:12,612 [INFO] (MainThread) Démarrage ciblé demandé pour l'appareil : DATAKOM_LINE_A
2026-06-15 12:19:12,612 [INFO] (MainThread) Initialisation globale des couches réseau MQTT et processus Modbus...
2026-06-15 12:19:15,820 [INFO] (MainThread) Démarrage ciblé demandé pour l'appareil : DATAKOM_LINE_B
2026-06-15 12:19:15,820 [INFO] (MainThread) Initialisation globale des couches réseau MQTT et processus Modbus...
2026-06-15 12:19:16,731 [INFO] (MainThread) Démarrage ciblé demandé pour l'appareil : DATAKOM_LINE_C
2026-06-15 12:19:16,731 [INFO] (MainThread) Initialisation globale des couches réseau MQTT et processus Modbus...
2026-06-15 12:19:18,161 [INFO] (MainThread) Signal d'arrêt général distribué aux processus d'arrière-plan...
2026-06-15 12:19:20,347 [INFO] (MainThread) Initialisation globale des couches réseau MQTT et processus Modbus...
2026-06-15 12:19:21,788 [INFO] (MainThread) Signal d'arrêt général distribué aux processus d'arrière-plan...
